<?xml version="1.0" encoding="UTF-8"?>
<testng-results ignored="0" total="1" passed="0" failed="1" skipped="0">
  <reporter-output>
  </reporter-output>
  <suite started-at="2022-12-13T11:34:20 IST" name="Default suite" finished-at="2022-12-13T11:36:23 IST" duration-ms="123163">
    <groups>
      <group name="cucumber">
        <method signature="AbstractTestNGCucumberTests.runScenario(io.cucumber.testng.PickleWrapper,io.cucumber.testng.FeatureWrapper)[pri:0, instance:runnerClass.Ts1@4fb3ee4e]" name="runScenario" class="io.cucumber.testng.AbstractTestNGCucumberTests"/>
      </group> <!-- cucumber -->
    </groups>
    <test started-at="2022-12-13T11:34:20 IST" name="Default test" finished-at="2022-12-13T11:36:23 IST" duration-ms="123163">
      <class name="runnerClass.Ts1">
        <test-method is-config="true" signature="setUpClass()[pri:0, instance:runnerClass.Ts1@4fb3ee4e]" started-at="2022-12-13T11:34:20 IST" name="setUpClass" finished-at="2022-12-13T11:34:22 IST" duration-ms="1688" status="PASS">
          <reporter-output>
          </reporter-output>
        </test-method> <!-- setUpClass -->
        <test-method signature="runScenario(io.cucumber.testng.PickleWrapper,io.cucumber.testng.FeatureWrapper)[pri:0, instance:runnerClass.Ts1@4fb3ee4e]" started-at="2022-12-13T11:34:22 IST" name="runScenario" description="Runs Cucumber Scenarios" data-provider="scenarios" finished-at="2022-12-13T11:36:23 IST" duration-ms="121071" status="FAIL">
          <params>
            <param index="0">
              <value>
                <![CDATA["User enters valid username and password and try to login home page should be displayed"]]>
              </value>
            </param>
            <param index="1">
              <value>
                <![CDATA["Optional[Login]"]]>
              </value>
            </param>
          </params>
          <exception class="java.lang.AssertionError">
            <message>
              <![CDATA[expected [Facebook] but found [Facebook – log in or sign up]]]>
            </message>
            <full-stacktrace>
              <![CDATA[java.lang.AssertionError: expected [Facebook] but found [Facebook – log in or sign up]
at org.testng.Assert.fail(Assert.java:99)
at org.testng.Assert.failNotEquals(Assert.java:1037)
at org.testng.Assert.assertEqualsImpl(Assert.java:140)
at org.testng.Assert.assertEquals(Assert.java:122)
at org.testng.Assert.assertEquals(Assert.java:629)
at org.testng.Assert.assertEquals(Assert.java:639)
at stepDefinition.Login.home_page_should_be_displayed(Login.java:46)
at ✽.home page should be displayed(file:///C:/Users/sai/eclipse-workspace/Cucumber/src/test/java/featureFile/Login.feature:9)
]]>
            </full-stacktrace>
          </exception> <!-- java.lang.AssertionError -->
          <reporter-output>
          </reporter-output>
        </test-method> <!-- runScenario -->
        <test-method is-config="true" signature="tearDownClass()[pri:0, instance:runnerClass.Ts1@4fb3ee4e]" started-at="2022-12-13T11:36:23 IST" name="tearDownClass" finished-at="2022-12-13T11:36:23 IST" duration-ms="282" status="PASS">
          <reporter-output>
          </reporter-output>
        </test-method> <!-- tearDownClass -->
      </class> <!-- runnerClass.Ts1 -->
    </test> <!-- Default test -->
  </suite> <!-- Default suite -->
</testng-results>
