<?xml version="1.0" encoding="UTF-8"?>
<!-- Generated by org.testng.reporters.JUnitReportReporter -->
<testsuite hostname="DESKTOP-K9Q4JUP" failures="1" tests="1" name="runnerClass.Ts1" time="121.071" errors="0" timestamp="2022-12-13T11:36:24 IST" skipped="0">
  <testcase classname="runnerClass.Ts1" name="runScenario" time="121.071">
    <failure message="expected [Facebook] but found [Facebook – log in or sign up]" type="java.lang.AssertionError">
      <![CDATA[java.lang.AssertionError: expected [Facebook] but found [Facebook – log in or sign up]
at org.testng.Assert.fail(Assert.java:99)
at org.testng.Assert.failNotEquals(Assert.java:1037)
at org.testng.Assert.assertEqualsImpl(Assert.java:140)
at org.testng.Assert.assertEquals(Assert.java:122)
at org.testng.Assert.assertEquals(Assert.java:629)
at org.testng.Assert.assertEquals(Assert.java:639)
at stepDefinition.Login.home_page_should_be_displayed(Login.java:46)
at ✽.home page should be displayed(file:///C:/Users/sai/eclipse-workspace/Cucumber/src/test/java/featureFile/Login.feature:9)
]]>
    </failure>
  </testcase> <!-- runScenario -->
  <system-out/>
</testsuite> <!-- runnerClass.Ts1 -->
